TBtrans Version: v4.1-b4
Architecture  : x86_64_MPI_INTEL
Compiler flags: mpiifort -O3 -fPIC -xHost -ip -no-prec-div
PP flags      : -DFC_HAVE_ABORT -DMPI -DCDF -DNCDF -DNCDF_4 -DTBTRANS
Libraries     :  libncdf.a libfdict.a  -lnetcdff -lnetcdf -lhdf5_hl -lhdf5 -lz -lmkl_scalapacck_lp64 -lmkl_intel_lp64 -lmkl_sequential -lmkl_core -lmkl_blacs_intelmpi_lp64 -lpthread -lm -ldl
PARALLEL version
NetCDF support
NetCDF-4 support

* Running on 20 nodes in parallel
>> Start of run:  13-MAY-2022  19:08:53

                           ************************ 
                           *  WELCOME TO TBtrans  * 
                           ************************ 

reinit: Reading from RUN.fdf

===================================================================================
=   BAD TERMINATION OF ONE OF YOUR APPLICATION PROCESSES
=   RANK 1 PID 75112 RUNNING AT tqmfq
=   KILLED BY SIGNAL: 9 (Killed)
===================================================================================

===================================================================================
=   BAD TERMINATION OF ONE OF YOUR APPLICATION PROCESSES
=   RANK 2 PID 75113 RUNNING AT tqmfq
=   KILLED BY SIGNAL: 9 (Killed)
===================================================================================

===================================================================================
=   BAD TERMINATION OF ONE OF YOUR APPLICATION PROCESSES
=   RANK 3 PID 75114 RUNNING AT tqmfq
=   KILLED BY SIGNAL: 9 (Killed)
===================================================================================

===================================================================================
=   BAD TERMINATION OF ONE OF YOUR APPLICATION PROCESSES
=   RANK 4 PID 75115 RUNNING AT tqmfq
=   KILLED BY SIGNAL: 9 (Killed)
===================================================================================

===================================================================================
=   BAD TERMINATION OF ONE OF YOUR APPLICATION PROCESSES
=   RANK 5 PID 75116 RUNNING AT tqmfq
=   KILLED BY SIGNAL: 9 (Killed)
===================================================================================

===================================================================================
=   BAD TERMINATION OF ONE OF YOUR APPLICATION PROCESSES
=   RANK 6 PID 75117 RUNNING AT tqmfq
=   KILLED BY SIGNAL: 9 (Killed)
===================================================================================

===================================================================================
=   BAD TERMINATION OF ONE OF YOUR APPLICATION PROCESSES
=   RANK 7 PID 75118 RUNNING AT tqmfq
=   KILLED BY SIGNAL: 9 (Killed)
===================================================================================

===================================================================================
=   BAD TERMINATION OF ONE OF YOUR APPLICATION PROCESSES
=   RANK 8 PID 75119 RUNNING AT tqmfq
=   KILLED BY SIGNAL: 9 (Killed)
===================================================================================

===================================================================================
=   BAD TERMINATION OF ONE OF YOUR APPLICATION PROCESSES
=   RANK 9 PID 75120 RUNNING AT tqmfq
=   KILLED BY SIGNAL: 9 (Killed)
===================================================================================

===================================================================================
=   BAD TERMINATION OF ONE OF YOUR APPLICATION PROCESSES
=   RANK 10 PID 75121 RUNNING AT tqmfq
=   KILLED BY SIGNAL: 9 (Killed)
===================================================================================

===================================================================================
=   BAD TERMINATION OF ONE OF YOUR APPLICATION PROCESSES
=   RANK 11 PID 75122 RUNNING AT tqmfq
=   KILLED BY SIGNAL: 9 (Killed)
===================================================================================

===================================================================================
=   BAD TERMINATION OF ONE OF YOUR APPLICATION PROCESSES
=   RANK 12 PID 75123 RUNNING AT tqmfq
=   KILLED BY SIGNAL: 9 (Killed)
===================================================================================

===================================================================================
=   BAD TERMINATION OF ONE OF YOUR APPLICATION PROCESSES
=   RANK 13 PID 75124 RUNNING AT tqmfq
=   KILLED BY SIGNAL: 9 (Killed)
===================================================================================

===================================================================================
=   BAD TERMINATION OF ONE OF YOUR APPLICATION PROCESSES
=   RANK 14 PID 75125 RUNNING AT tqmfq
=   KILLED BY SIGNAL: 9 (Killed)
===================================================================================

===================================================================================
=   BAD TERMINATION OF ONE OF YOUR APPLICATION PROCESSES
=   RANK 15 PID 75126 RUNNING AT tqmfq
=   KILLED BY SIGNAL: 9 (Killed)
===================================================================================

===================================================================================
=   BAD TERMINATION OF ONE OF YOUR APPLICATION PROCESSES
=   RANK 16 PID 75127 RUNNING AT tqmfq
=   KILLED BY SIGNAL: 9 (Killed)
===================================================================================

===================================================================================
=   BAD TERMINATION OF ONE OF YOUR APPLICATION PROCESSES
=   RANK 17 PID 75128 RUNNING AT tqmfq
=   KILLED BY SIGNAL: 9 (Killed)
===================================================================================

===================================================================================
=   BAD TERMINATION OF ONE OF YOUR APPLICATION PROCESSES
=   RANK 18 PID 75129 RUNNING AT tqmfq
=   KILLED BY SIGNAL: 9 (Killed)
===================================================================================

===================================================================================
=   BAD TERMINATION OF ONE OF YOUR APPLICATION PROCESSES
=   RANK 19 PID 75130 RUNNING AT tqmfq
=   KILLED BY SIGNAL: 9 (Killed)
===================================================================================
